<?xml version="1.0" encoding="UTF-8"?>
<testng-results skipped="0" failed="0" ignored="0" total="1" passed="1">
  <reporter-output>
  </reporter-output>
  <suite name="Suite" duration-ms="30" started-at="2019-07-29T23:07:26Z" finished-at="2019-07-29T23:07:26Z">
    <groups>
    </groups>
    <test name="Test" duration-ms="30" started-at="2019-07-29T23:07:26Z" finished-at="2019-07-29T23:07:26Z">
      <class name="rythmProject.Exercise">
        <test-method status="PASS" signature="beforeEachTestMethod()[pri:0, instance:rythmProject.Exercise@69ea3742]" name="beforeEachTestMethod" is-config="true" duration-ms="4" started-at="2019-07-29T23:07:26Z" finished-at="2019-07-29T23:07:26Z">
          <reporter-output>
          </reporter-output>
        </test-method> <!-- beforeEachTestMethod -->
        <test-method status="PASS" signature="LongestWordLength()[pri:0, instance:rythmProject.Exercise@69ea3742]" name="LongestWordLength" duration-ms="4" started-at="2019-07-29T23:07:26Z" finished-at="2019-07-29T23:07:26Z">
          <reporter-output>
          </reporter-output>
        </test-method> <!-- LongestWordLength -->
        <test-method status="PASS" signature="afterEachTestMethod()[pri:0, instance:rythmProject.Exercise@69ea3742]" name="afterEachTestMethod" is-config="true" duration-ms="1" started-at="2019-07-29T23:07:26Z" finished-at="2019-07-29T23:07:26Z">
          <reporter-output>
          </reporter-output>
        </test-method> <!-- afterEachTestMethod -->
      </class> <!-- rythmProject.Exercise -->
    </test> <!-- Test -->
  </suite> <!-- Suite -->
</testng-results>
